
Simulation Configuration
==================================================

[simulation]
name                                    : Solar_System
random_seed                             : 0
output_file                             : outputs

[units]
time                                    : yr
length                                  : AU
mass                                    : Msun

[integration]
integrator                              : whfast
timestep_days                           : 20
maxtime                                 : 300000.0
output_interval                         : 20.0
exit_max_distance                       : 10.0

[star]
mass                                    : 1.0

[planets]

  [planets 0]
  name                                  : Mars
  mass_jupiter                          : 0.000338
  a                                     : 1.524
  e                                     : 0.0934
  inc_deg                               : 1.9
  omega_deg                             : 286.5
  Omega_deg                             : 49.6
  t_peri_jd                             : 2451508.0
  orbital_period_days                   : 687.0
  epoch_jd                              : 2451545.0

  [planets 1]
  name                                  : Jupiter
  mass_jupiter                          : 1.0
  a                                     : 5.203
  e                                     : 0.0484
  inc_deg                               : 1.3
  omega_deg                             : 273.9
  Omega_deg                             : 100.5
  t_peri_jd                             : 2451311.0
  orbital_period_days                   : 4332.6
  epoch_jd                              : 2451545.0

  [planets 2]
  name                                  : Saturn
  mass_jupiter                          : 0.299
  a                                     : 9.537
  e                                     : 0.0539
  inc_deg                               : 2.5
  omega_deg                             : 339.4
  Omega_deg                             : 113.7
  t_peri_jd                             : 2442069.0
  orbital_period_days                   : 10759.2
  epoch_jd                              : 2451545.0

[disk]
amin                                    : 2.0
amax                                    : 3.5
emin                                    : 0.0
emax                                    : 0.4
imin_deg                                : 0.0
imax_deg                                : 30.0

[dwarf_planets]
N                                       : 0
mass_fraction_of_planet                 : 1e-05

[test_particles]
distribution                            : grid
Na                                      : 40
Ne                                      : 40
Ninc                                    : 40
==================================================
Number of test particles: 64000
Total particles in simulation: 64004
Timestep: 5.475702e-02 yr
Timestep: 20.000 days

Beginning the main integration
Output archive: outputs/simulationarchive.bin
Number of outputs: 15001
Integration end time: 3.000e+05 yr
Output interval: 2.000e+01 yr

    Output 1/15001
    Requested time       = 0.000e+00 yr
    Actual sim time      = 0.000e+00 yr
    Current REBOUND N    = 64004
    Surviving test parts = 64000
    dE/E0                = -0.000e+00

    Output 2/15001
    Requested time       = 2.000e+01 yr
    Actual sim time      = 2.004e+01 yr
    Current REBOUND N    = 64004
    Surviving test parts = 64000
    dE/E0                = 7.935e-09
    Estimated remaining  = 8 hours, 59 minutes, 39 seconds

    Output 3/15001
    Requested time       = 4.000e+01 yr
    Actual sim time      = 4.003e+01 yr
    Current REBOUND N    = 64004
    Surviving test parts = 64000
    dE/E0                = 8.868e-09
    Estimated remaining  = 11 hours, 21 minutes, 54 seconds

    Output 4/15001
    Requested time       = 6.000e+01 yr
    Actual sim time      = 6.001e+01 yr
    Current REBOUND N    = 64004
    Surviving test parts = 64000
    dE/E0                = -3.821e-09
    Estimated remaining  = 12 hours, 32 minutes, 21 seconds


============================================================
PARTICLE SUMMARY REPORT
============================================================
Total test particles:   64000
Survived:               64000
Lost:                   0
Simulation end:         7.661e+01 yr
Total runtime:          27 minutes, 9 seconds
============================================================

Saved archive: outputs/simulationarchive.bin
Number of snapshots saved: 4
Archive time range: 0.000e+00 yr to 6.001e+01 yr
